2025-02-08 23:29:36,241 [ModalContext] INFO  o.e.m.c.i.e.AbstractTransferListenerAdapter - Downloading https://repo.maven.apache.org/maven2/org/apache/maven/archetypes/maven-archetype-quickstart/1.1/maven-archetype-quickstart-1.1.jar
2025-02-08 23:29:36,295 [ModalContext] INFO  o.e.m.c.i.e.AbstractTransferListenerAdapter - Downloaded https://repo.maven.apache.org/maven2/org/apache/maven/archetypes/maven-archetype-quickstart/1.1/maven-archetype-quickstart-1.1.jar
2025-02-08 23:29:36,306 [ModalContext] INFO  o.e.m.c.i.e.AbstractTransferListenerAdapter - Downloading https://repo.maven.apache.org/maven2/org/apache/maven/archetypes/maven-archetype-quickstart/1.1/maven-archetype-quickstart-1.1.pom
2025-02-08 23:29:36,327 [ModalContext] INFO  o.e.m.c.i.e.AbstractTransferListenerAdapter - Downloaded https://repo.maven.apache.org/maven2/org/apache/maven/archetypes/maven-archetype-quickstart/1.1/maven-archetype-quickstart-1.1.pom
2025-02-08 23:33:35,032 [Worker-19] INFO  o.e.m.c.i.p.ProjectConfigurationManager - Collecting project info '/pom.xml' C:\Users\merb0\OneDrive\Documents\Cibertec\4to ciclo\LENGUAJE DE PROGRAMACION II\T2\LPII_CL2_RIOSBENITESMARIO\pom.xml
2025-02-08 23:33:35,673 [Worker-19] INFO  o.e.m.c.i.l.LifecycleMappingFactory - Using org.maven.ide.eclipse.wtp.WarLifecycleMapping lifecycle mapping for MavenProject: proyecto.cl2:LPII_CL2_RIOSBENITESMARIO:0.0.1-SNAPSHOT @ C:\Users\merb0\OneDrive\Documents\Cibertec\4to ciclo\LENGUAJE DE PROGRAMACION II\T2\LPII_CL2_RIOSBENITESMARIO\pom.xml.
2025-02-08 23:33:36,238 [Worker-19] INFO  o.e.m.j.i.AbstractJavaProjectConfigurator - Adding source folder /LPII_CL2_RIOSBENITESMARIO/src/main/java
2025-02-08 23:33:36,238 [Worker-19] INFO  o.e.m.j.i.AbstractJavaProjectConfigurator - Adding resource folder /LPII_CL2_RIOSBENITESMARIO/src/main/resources
2025-02-08 23:33:36,238 [Worker-19] INFO  o.e.m.j.i.AbstractJavaProjectConfigurator - Adding source folder /LPII_CL2_RIOSBENITESMARIO/src/test/java
2025-02-08 23:33:37,687 [Worker-19] INFO  o.e.m.c.i.p.ProjectConfigurationManager - Imported and configured 1 project(s) in 2 sec
2025-02-08 23:33:38,316 [Worker-20] WARN  o.e.m.c.i.embedder.EclipseLogger - Using platform encoding (Cp1252 actually) to copy filtered resources, i.e. build is platform dependent!
2025-02-08 23:33:38,345 [Worker-20] INFO  o.e.m.c.i.embedder.EclipseLogger - Copying 0 resource
2025-02-08 23:33:38,347 [Worker-20] WARN  o.e.m.c.i.embedder.EclipseLogger - Using platform encoding (Cp1252 actually) to copy filtered resources, i.e. build is platform dependent!
2025-02-08 23:33:38,347 [Worker-20] INFO  o.e.m.c.i.embedder.EclipseLogger - skip non existing resourceDirectory C:\Users\merb0\OneDrive\Documents\Cibertec\4to ciclo\LENGUAJE DE PROGRAMACION II\T2\LPII_CL2_RIOSBENITESMARIO\src\test\resources
2025-02-08 23:33:39,718 [Worker-23] WARN  o.e.m.c.i.embedder.EclipseLogger - Using platform encoding (Cp1252 actually) to copy filtered resources, i.e. build is platform dependent!
2025-02-08 23:33:39,719 [Worker-23] INFO  o.e.m.c.i.embedder.EclipseLogger - Copying 0 resource
2025-02-08 23:33:39,720 [Worker-23] WARN  o.e.m.c.i.embedder.EclipseLogger - Using platform encoding (Cp1252 actually) to copy filtered resources, i.e. build is platform dependent!
2025-02-08 23:33:39,721 [Worker-23] INFO  o.e.m.c.i.embedder.EclipseLogger - skip non existing resourceDirectory C:\Users\merb0\OneDrive\Documents\Cibertec\4to ciclo\LENGUAJE DE PROGRAMACION II\T2\LPII_CL2_RIOSBENITESMARIO\src\test\resources
2025-02-08 23:37:37,182 [Worker-32] WARN  o.e.m.c.i.embedder.EclipseLogger - Using platform encoding (Cp1252 actually) to copy filtered resources, i.e. build is platform dependent!
2025-02-08 23:37:37,183 [Worker-32] INFO  o.e.m.c.i.embedder.EclipseLogger - Copying 0 resource
2025-02-08 23:37:37,184 [Worker-32] WARN  o.e.m.c.i.embedder.EclipseLogger - Using platform encoding (Cp1252 actually) to copy filtered resources, i.e. build is platform dependent!
2025-02-08 23:37:37,184 [Worker-32] INFO  o.e.m.c.i.embedder.EclipseLogger - skip non existing resourceDirectory C:\Users\merb0\OneDrive\Documents\Cibertec\4to ciclo\LENGUAJE DE PROGRAMACION II\T2\LPII_CL2_RIOSBENITESMARIO\src\test\resources
2025-02-08 23:39:34,869 [Worker-37] INFO  o.e.m.c.i.l.LifecycleMappingFactory - Using org.maven.ide.eclipse.wtp.WarLifecycleMapping lifecycle mapping for MavenProject: proyecto.cl2:LPII_CL2_RIOSBENITESMARIO:0.0.1-SNAPSHOT @ C:\Users\merb0\OneDrive\Documents\Cibertec\4to ciclo\LENGUAJE DE PROGRAMACION II\T2\LPII_CL2_RIOSBENITESMARIO\pom.xml.
2025-02-08 23:39:36,020 [Worker-37] WARN  o.e.m.c.i.embedder.EclipseLogger - Using platform encoding (Cp1252 actually) to copy filtered resources, i.e. build is platform dependent!
2025-02-08 23:39:36,021 [Worker-37] INFO  o.e.m.c.i.embedder.EclipseLogger - Copying 0 resource
2025-02-08 23:39:36,023 [Worker-37] WARN  o.e.m.c.i.embedder.EclipseLogger - Using platform encoding (Cp1252 actually) to copy filtered resources, i.e. build is platform dependent!
2025-02-08 23:39:36,023 [Worker-37] INFO  o.e.m.c.i.embedder.EclipseLogger - skip non existing resourceDirectory C:\Users\merb0\OneDrive\Documents\Cibertec\4to ciclo\LENGUAJE DE PROGRAMACION II\T2\LPII_CL2_RIOSBENITESMARIO\src\test\resources
2025-02-08 23:39:36,023 [Worker-37] INFO  o.e.m.w.i.f.ResourceFilteringBuildParticipant - Changed resources require a complete clean of filtered resources of LPII_CL2_RIOSBENITESMARIO
2025-02-08 23:39:36,024 [Worker-37] INFO  o.e.m.w.i.f.ResourceFilteringBuildParticipant - Executing resource filtering for LPII_CL2_RIOSBENITESMARIO
2025-02-08 23:39:36,026 [Worker-37] WARN  o.e.m.c.i.embedder.EclipseLogger - Using platform encoding (Cp1252 actually) to copy filtered resources, i.e. build is platform dependent!
2025-02-08 23:39:36,611 [Worker-25] WARN  o.e.m.c.i.embedder.EclipseLogger - Using platform encoding (Cp1252 actually) to copy filtered resources, i.e. build is platform dependent!
2025-02-08 23:39:36,611 [Worker-25] INFO  o.e.m.c.i.embedder.EclipseLogger - Copying 0 resource
2025-02-08 23:39:36,612 [Worker-25] WARN  o.e.m.c.i.embedder.EclipseLogger - Using platform encoding (Cp1252 actually) to copy filtered resources, i.e. build is platform dependent!
2025-02-08 23:39:36,612 [Worker-25] INFO  o.e.m.c.i.embedder.EclipseLogger - skip non existing resourceDirectory C:\Users\merb0\OneDrive\Documents\Cibertec\4to ciclo\LENGUAJE DE PROGRAMACION II\T2\LPII_CL2_RIOSBENITESMARIO\src\test\resources
2025-02-08 23:42:14,774 [Worker-38] WARN  o.e.m.c.i.embedder.EclipseLogger - Using platform encoding (Cp1252 actually) to copy filtered resources, i.e. build is platform dependent!
2025-02-08 23:42:14,776 [Worker-38] INFO  o.e.m.c.i.embedder.EclipseLogger - Copying 0 resource
2025-02-08 23:42:14,776 [Worker-38] WARN  o.e.m.c.i.embedder.EclipseLogger - Using platform encoding (Cp1252 actually) to copy filtered resources, i.e. build is platform dependent!
2025-02-08 23:42:14,777 [Worker-38] INFO  o.e.m.c.i.embedder.EclipseLogger - skip non existing resourceDirectory C:\Users\merb0\OneDrive\Documents\Cibertec\4to ciclo\LENGUAJE DE PROGRAMACION II\T2\LPII_CL2_RIOSBENITESMARIO\src\test\resources
2025-02-08 23:42:28,415 [Worker-34] WARN  o.e.m.c.i.embedder.EclipseLogger - Using platform encoding (Cp1252 actually) to copy filtered resources, i.e. build is platform dependent!
2025-02-08 23:42:28,416 [Worker-34] INFO  o.e.m.c.i.embedder.EclipseLogger - Copying 0 resource
2025-02-08 23:42:28,417 [Worker-34] WARN  o.e.m.c.i.embedder.EclipseLogger - Using platform encoding (Cp1252 actually) to copy filtered resources, i.e. build is platform dependent!
2025-02-08 23:42:28,417 [Worker-34] INFO  o.e.m.c.i.embedder.EclipseLogger - skip non existing resourceDirectory C:\Users\merb0\OneDrive\Documents\Cibertec\4to ciclo\LENGUAJE DE PROGRAMACION II\T2\LPII_CL2_RIOSBENITESMARIO\src\test\resources
2025-02-08 23:42:36,127 [Worker-27] WARN  o.e.m.c.i.embedder.EclipseLogger - Using platform encoding (Cp1252 actually) to copy filtered resources, i.e. build is platform dependent!
2025-02-08 23:42:36,128 [Worker-27] INFO  o.e.m.c.i.embedder.EclipseLogger - Copying 0 resource
2025-02-08 23:42:36,128 [Worker-27] WARN  o.e.m.c.i.embedder.EclipseLogger - Using platform encoding (Cp1252 actually) to copy filtered resources, i.e. build is platform dependent!
2025-02-08 23:42:36,129 [Worker-27] INFO  o.e.m.c.i.embedder.EclipseLogger - skip non existing resourceDirectory C:\Users\merb0\OneDrive\Documents\Cibertec\4to ciclo\LENGUAJE DE PROGRAMACION II\T2\LPII_CL2_RIOSBENITESMARIO\src\test\resources
2025-02-08 23:43:00,259 [Worker-38] WARN  o.e.m.c.i.embedder.EclipseLogger - Using platform encoding (Cp1252 actually) to copy filtered resources, i.e. build is platform dependent!
2025-02-08 23:43:00,260 [Worker-38] INFO  o.e.m.c.i.embedder.EclipseLogger - Copying 0 resource
2025-02-08 23:43:00,261 [Worker-38] WARN  o.e.m.c.i.embedder.EclipseLogger - Using platform encoding (Cp1252 actually) to copy filtered resources, i.e. build is platform dependent!
2025-02-08 23:43:00,261 [Worker-38] INFO  o.e.m.c.i.embedder.EclipseLogger - skip non existing resourceDirectory C:\Users\merb0\OneDrive\Documents\Cibertec\4to ciclo\LENGUAJE DE PROGRAMACION II\T2\LPII_CL2_RIOSBENITESMARIO\src\test\resources
2025-02-08 23:43:09,598 [Worker-38] WARN  o.e.m.c.i.embedder.EclipseLogger - Using platform encoding (Cp1252 actually) to copy filtered resources, i.e. build is platform dependent!
2025-02-08 23:43:09,599 [Worker-38] INFO  o.e.m.c.i.embedder.EclipseLogger - Copying 0 resource
2025-02-08 23:43:09,600 [Worker-38] WARN  o.e.m.c.i.embedder.EclipseLogger - Using platform encoding (Cp1252 actually) to copy filtered resources, i.e. build is platform dependent!
2025-02-08 23:43:09,600 [Worker-38] INFO  o.e.m.c.i.embedder.EclipseLogger - skip non existing resourceDirectory C:\Users\merb0\OneDrive\Documents\Cibertec\4to ciclo\LENGUAJE DE PROGRAMACION II\T2\LPII_CL2_RIOSBENITESMARIO\src\test\resources
2025-02-08 23:43:17,527 [Worker-27] WARN  o.e.m.c.i.embedder.EclipseLogger - Using platform encoding (Cp1252 actually) to copy filtered resources, i.e. build is platform dependent!
2025-02-08 23:43:17,528 [Worker-27] INFO  o.e.m.c.i.embedder.EclipseLogger - Copying 0 resource
2025-02-08 23:43:17,529 [Worker-27] WARN  o.e.m.c.i.embedder.EclipseLogger - Using platform encoding (Cp1252 actually) to copy filtered resources, i.e. build is platform dependent!
2025-02-08 23:43:17,529 [Worker-27] INFO  o.e.m.c.i.embedder.EclipseLogger - skip non existing resourceDirectory C:\Users\merb0\OneDrive\Documents\Cibertec\4to ciclo\LENGUAJE DE PROGRAMACION II\T2\LPII_CL2_RIOSBENITESMARIO\src\test\resources
2025-02-08 23:43:24,573 [Worker-34] WARN  o.e.m.c.i.embedder.EclipseLogger - Using platform encoding (Cp1252 actually) to copy filtered resources, i.e. build is platform dependent!
2025-02-08 23:43:24,574 [Worker-34] INFO  o.e.m.c.i.embedder.EclipseLogger - Copying 0 resource
2025-02-08 23:43:24,574 [Worker-34] WARN  o.e.m.c.i.embedder.EclipseLogger - Using platform encoding (Cp1252 actually) to copy filtered resources, i.e. build is platform dependent!
2025-02-08 23:43:24,575 [Worker-34] INFO  o.e.m.c.i.embedder.EclipseLogger - skip non existing resourceDirectory C:\Users\merb0\OneDrive\Documents\Cibertec\4to ciclo\LENGUAJE DE PROGRAMACION II\T2\LPII_CL2_RIOSBENITESMARIO\src\test\resources
2025-02-08 23:44:34,320 [Worker-38] WARN  o.e.m.c.i.embedder.EclipseLogger - Using platform encoding (Cp1252 actually) to copy filtered resources, i.e. build is platform dependent!
2025-02-08 23:44:34,320 [Worker-38] INFO  o.e.m.c.i.embedder.EclipseLogger - Copying 0 resource
2025-02-08 23:44:34,321 [Worker-38] WARN  o.e.m.c.i.embedder.EclipseLogger - Using platform encoding (Cp1252 actually) to copy filtered resources, i.e. build is platform dependent!
2025-02-08 23:44:34,321 [Worker-38] INFO  o.e.m.c.i.embedder.EclipseLogger - skip non existing resourceDirectory C:\Users\merb0\OneDrive\Documents\Cibertec\4to ciclo\LENGUAJE DE PROGRAMACION II\T2\LPII_CL2_RIOSBENITESMARIO\src\test\resources
2025-02-08 23:44:36,379 [Worker-38] WARN  o.e.m.c.i.embedder.EclipseLogger - Using platform encoding (Cp1252 actually) to copy filtered resources, i.e. build is platform dependent!
2025-02-08 23:44:36,380 [Worker-38] INFO  o.e.m.c.i.embedder.EclipseLogger - Copying 0 resource
2025-02-08 23:44:36,380 [Worker-38] WARN  o.e.m.c.i.embedder.EclipseLogger - Using platform encoding (Cp1252 actually) to copy filtered resources, i.e. build is platform dependent!
2025-02-08 23:44:36,381 [Worker-38] INFO  o.e.m.c.i.embedder.EclipseLogger - skip non existing resourceDirectory C:\Users\merb0\OneDrive\Documents\Cibertec\4to ciclo\LENGUAJE DE PROGRAMACION II\T2\LPII_CL2_RIOSBENITESMARIO\src\test\resources
2025-02-08 23:44:37,812 [Worker-34] WARN  o.e.m.c.i.embedder.EclipseLogger - Using platform encoding (Cp1252 actually) to copy filtered resources, i.e. build is platform dependent!
2025-02-08 23:44:37,813 [Worker-34] INFO  o.e.m.c.i.embedder.EclipseLogger - Copying 0 resource
2025-02-08 23:44:37,813 [Worker-34] WARN  o.e.m.c.i.embedder.EclipseLogger - Using platform encoding (Cp1252 actually) to copy filtered resources, i.e. build is platform dependent!
2025-02-08 23:44:37,814 [Worker-34] INFO  o.e.m.c.i.embedder.EclipseLogger - skip non existing resourceDirectory C:\Users\merb0\OneDrive\Documents\Cibertec\4to ciclo\LENGUAJE DE PROGRAMACION II\T2\LPII_CL2_RIOSBENITESMARIO\src\test\resources
2025-02-08 23:44:38,961 [Worker-39] WARN  o.e.m.c.i.embedder.EclipseLogger - Using platform encoding (Cp1252 actually) to copy filtered resources, i.e. build is platform dependent!
2025-02-08 23:44:38,961 [Worker-39] INFO  o.e.m.c.i.embedder.EclipseLogger - Copying 0 resource
2025-02-08 23:44:38,962 [Worker-39] WARN  o.e.m.c.i.embedder.EclipseLogger - Using platform encoding (Cp1252 actually) to copy filtered resources, i.e. build is platform dependent!
2025-02-08 23:44:38,962 [Worker-39] INFO  o.e.m.c.i.embedder.EclipseLogger - skip non existing resourceDirectory C:\Users\merb0\OneDrive\Documents\Cibertec\4to ciclo\LENGUAJE DE PROGRAMACION II\T2\LPII_CL2_RIOSBENITESMARIO\src\test\resources
2025-02-08 23:44:40,415 [Worker-40] WARN  o.e.m.c.i.embedder.EclipseLogger - Using platform encoding (Cp1252 actually) to copy filtered resources, i.e. build is platform dependent!
2025-02-08 23:44:40,416 [Worker-40] INFO  o.e.m.c.i.embedder.EclipseLogger - Copying 0 resource
2025-02-08 23:44:40,416 [Worker-40] WARN  o.e.m.c.i.embedder.EclipseLogger - Using platform encoding (Cp1252 actually) to copy filtered resources, i.e. build is platform dependent!
2025-02-08 23:44:40,417 [Worker-40] INFO  o.e.m.c.i.embedder.EclipseLogger - skip non existing resourceDirectory C:\Users\merb0\OneDrive\Documents\Cibertec\4to ciclo\LENGUAJE DE PROGRAMACION II\T2\LPII_CL2_RIOSBENITESMARIO\src\test\resources
2025-02-08 23:44:47,678 [Worker-27] WARN  o.e.m.c.i.embedder.EclipseLogger - Using platform encoding (Cp1252 actually) to copy filtered resources, i.e. build is platform dependent!
2025-02-08 23:44:47,679 [Worker-27] INFO  o.e.m.c.i.embedder.EclipseLogger - Copying 0 resource
2025-02-08 23:44:47,679 [Worker-27] WARN  o.e.m.c.i.embedder.EclipseLogger - Using platform encoding (Cp1252 actually) to copy filtered resources, i.e. build is platform dependent!
2025-02-08 23:44:47,680 [Worker-27] INFO  o.e.m.c.i.embedder.EclipseLogger - skip non existing resourceDirectory C:\Users\merb0\OneDrive\Documents\Cibertec\4to ciclo\LENGUAJE DE PROGRAMACION II\T2\LPII_CL2_RIOSBENITESMARIO\src\test\resources
2025-02-08 23:45:00,442 [Worker-27] WARN  o.e.m.c.i.embedder.EclipseLogger - Using platform encoding (Cp1252 actually) to copy filtered resources, i.e. build is platform dependent!
2025-02-08 23:45:00,443 [Worker-27] INFO  o.e.m.c.i.embedder.EclipseLogger - Copying 0 resource
2025-02-08 23:45:00,443 [Worker-27] WARN  o.e.m.c.i.embedder.EclipseLogger - Using platform encoding (Cp1252 actually) to copy filtered resources, i.e. build is platform dependent!
2025-02-08 23:45:00,444 [Worker-27] INFO  o.e.m.c.i.embedder.EclipseLogger - skip non existing resourceDirectory C:\Users\merb0\OneDrive\Documents\Cibertec\4to ciclo\LENGUAJE DE PROGRAMACION II\T2\LPII_CL2_RIOSBENITESMARIO\src\test\resources
2025-02-08 23:50:46,971 [Worker-42] WARN  o.e.m.c.i.embedder.EclipseLogger - Using platform encoding (Cp1252 actually) to copy filtered resources, i.e. build is platform dependent!
2025-02-08 23:50:46,972 [Worker-42] INFO  o.e.m.c.i.embedder.EclipseLogger - Copying 0 resource
2025-02-08 23:50:46,973 [Worker-42] WARN  o.e.m.c.i.embedder.EclipseLogger - Using platform encoding (Cp1252 actually) to copy filtered resources, i.e. build is platform dependent!
2025-02-08 23:50:46,973 [Worker-42] INFO  o.e.m.c.i.embedder.EclipseLogger - skip non existing resourceDirectory C:\Users\merb0\OneDrive\Documents\Cibertec\4to ciclo\LENGUAJE DE PROGRAMACION II\T2\LPII_CL2_RIOSBENITESMARIO\src\test\resources
2025-02-08 23:50:57,197 [Worker-41] WARN  o.e.m.c.i.embedder.EclipseLogger - Using platform encoding (Cp1252 actually) to copy filtered resources, i.e. build is platform dependent!
2025-02-08 23:50:57,198 [Worker-41] INFO  o.e.m.c.i.embedder.EclipseLogger - Copying 1 resource
2025-02-08 23:50:57,204 [Worker-41] WARN  o.e.m.c.i.embedder.EclipseLogger - Using platform encoding (Cp1252 actually) to copy filtered resources, i.e. build is platform dependent!
2025-02-08 23:50:57,205 [Worker-41] INFO  o.e.m.c.i.embedder.EclipseLogger - skip non existing resourceDirectory C:\Users\merb0\OneDrive\Documents\Cibertec\4to ciclo\LENGUAJE DE PROGRAMACION II\T2\LPII_CL2_RIOSBENITESMARIO\src\test\resources
2025-02-08 23:50:58,275 [Worker-38] WARN  o.e.m.c.i.embedder.EclipseLogger - Using platform encoding (Cp1252 actually) to copy filtered resources, i.e. build is platform dependent!
2025-02-08 23:50:58,275 [Worker-38] INFO  o.e.m.c.i.embedder.EclipseLogger - Copying 0 resource
2025-02-08 23:50:58,276 [Worker-38] WARN  o.e.m.c.i.embedder.EclipseLogger - Using platform encoding (Cp1252 actually) to copy filtered resources, i.e. build is platform dependent!
2025-02-08 23:50:58,276 [Worker-38] INFO  o.e.m.c.i.embedder.EclipseLogger - skip non existing resourceDirectory C:\Users\merb0\OneDrive\Documents\Cibertec\4to ciclo\LENGUAJE DE PROGRAMACION II\T2\LPII_CL2_RIOSBENITESMARIO\src\test\resources
2025-02-08 23:51:10,325 [Worker-42] WARN  o.e.m.c.i.embedder.EclipseLogger - Using platform encoding (Cp1252 actually) to copy filtered resources, i.e. build is platform dependent!
2025-02-08 23:51:10,326 [Worker-42] INFO  o.e.m.c.i.embedder.EclipseLogger - Copying 0 resource
2025-02-08 23:51:10,326 [Worker-42] WARN  o.e.m.c.i.embedder.EclipseLogger - Using platform encoding (Cp1252 actually) to copy filtered resources, i.e. build is platform dependent!
2025-02-08 23:51:10,327 [Worker-42] INFO  o.e.m.c.i.embedder.EclipseLogger - skip non existing resourceDirectory C:\Users\merb0\OneDrive\Documents\Cibertec\4to ciclo\LENGUAJE DE PROGRAMACION II\T2\LPII_CL2_RIOSBENITESMARIO\src\test\resources
2025-02-08 23:51:27,652 [Worker-42] WARN  o.e.m.c.i.embedder.EclipseLogger - Using platform encoding (Cp1252 actually) to copy filtered resources, i.e. build is platform dependent!
2025-02-08 23:51:27,653 [Worker-42] INFO  o.e.m.c.i.embedder.EclipseLogger - Copying 0 resource
2025-02-08 23:51:27,654 [Worker-42] WARN  o.e.m.c.i.embedder.EclipseLogger - Using platform encoding (Cp1252 actually) to copy filtered resources, i.e. build is platform dependent!
2025-02-08 23:51:27,654 [Worker-42] INFO  o.e.m.c.i.embedder.EclipseLogger - skip non existing resourceDirectory C:\Users\merb0\OneDrive\Documents\Cibertec\4to ciclo\LENGUAJE DE PROGRAMACION II\T2\LPII_CL2_RIOSBENITESMARIO\src\test\resources
2025-02-08 23:52:31,703 [Worker-41] INFO  o.e.m.c.i.p.ProjectConfigurationManager - Collecting project info '/pom.xml' C:\Users\merb0\OneDrive\Documents\Cibertec\4to ciclo\LENGUAJE DE PROGRAMACION II\T2\CL2\pom.xml
2025-02-08 23:52:31,756 [Worker-41] INFO  o.e.m.c.i.l.LifecycleMappingFactory - Using org.maven.ide.eclipse.wtp.WarLifecycleMapping lifecycle mapping for MavenProject: proyecto.cl2:CL2:0.0.1-SNAPSHOT @ C:\Users\merb0\OneDrive\Documents\Cibertec\4to ciclo\LENGUAJE DE PROGRAMACION II\T2\CL2\pom.xml.
2025-02-08 23:52:31,818 [Worker-41] INFO  o.e.m.j.i.AbstractJavaProjectConfigurator - Adding source folder /CL2/src/main/java
2025-02-08 23:52:31,819 [Worker-41] INFO  o.e.m.j.i.AbstractJavaProjectConfigurator - Adding resource folder /CL2/src/main/resources
2025-02-08 23:52:31,819 [Worker-41] INFO  o.e.m.j.i.AbstractJavaProjectConfigurator - Adding source folder /CL2/src/test/java
2025-02-08 23:52:32,205 [Worker-41] INFO  o.e.m.c.i.p.ProjectConfigurationManager - Imported and configured 1 project(s) in 0 sec
2025-02-08 23:52:32,400 [Worker-43] WARN  o.e.m.c.i.embedder.EclipseLogger - Using platform encoding (Cp1252 actually) to copy filtered resources, i.e. build is platform dependent!
2025-02-08 23:52:32,400 [Worker-43] INFO  o.e.m.c.i.embedder.EclipseLogger - Copying 0 resource
2025-02-08 23:52:32,401 [Worker-43] WARN  o.e.m.c.i.embedder.EclipseLogger - Using platform encoding (Cp1252 actually) to copy filtered resources, i.e. build is platform dependent!
2025-02-08 23:52:32,401 [Worker-43] INFO  o.e.m.c.i.embedder.EclipseLogger - skip non existing resourceDirectory C:\Users\merb0\OneDrive\Documents\Cibertec\4to ciclo\LENGUAJE DE PROGRAMACION II\T2\CL2\src\test\resources
2025-02-08 23:52:33,423 [Worker-44] WARN  o.e.m.c.i.embedder.EclipseLogger - Using platform encoding (Cp1252 actually) to copy filtered resources, i.e. build is platform dependent!
2025-02-08 23:52:33,423 [Worker-44] INFO  o.e.m.c.i.embedder.EclipseLogger - Copying 0 resource
2025-02-08 23:52:33,423 [Worker-44] WARN  o.e.m.c.i.embedder.EclipseLogger - Using platform encoding (Cp1252 actually) to copy filtered resources, i.e. build is platform dependent!
2025-02-08 23:52:33,424 [Worker-44] INFO  o.e.m.c.i.embedder.EclipseLogger - skip non existing resourceDirectory C:\Users\merb0\OneDrive\Documents\Cibertec\4to ciclo\LENGUAJE DE PROGRAMACION II\T2\CL2\src\test\resources
2025-02-08 23:52:41,690 [Worker-42] WARN  o.e.m.c.i.embedder.EclipseLogger - Using platform encoding (Cp1252 actually) to copy filtered resources, i.e. build is platform dependent!
2025-02-08 23:52:41,690 [Worker-42] INFO  o.e.m.c.i.embedder.EclipseLogger - Copying 1 resource
2025-02-08 23:52:41,693 [Worker-42] WARN  o.e.m.c.i.embedder.EclipseLogger - Using platform encoding (Cp1252 actually) to copy filtered resources, i.e. build is platform dependent!
2025-02-08 23:52:41,693 [Worker-42] INFO  o.e.m.c.i.embedder.EclipseLogger - skip non existing resourceDirectory C:\Users\merb0\OneDrive\Documents\Cibertec\4to ciclo\LENGUAJE DE PROGRAMACION II\T2\CL2\src\test\resources
2025-02-08 23:57:37,106 [Worker-48] INFO  o.e.m.c.i.p.ProjectConfigurationManager - Update started
2025-02-08 23:57:37,448 [Worker-48] INFO  o.e.m.c.i.l.LifecycleMappingFactory - Using org.maven.ide.eclipse.wtp.WarLifecycleMapping lifecycle mapping for MavenProject: proyecto.cl2:LPII_CL2_RIOSBENITESMARIO:0.0.1-SNAPSHOT @ C:\Users\merb0\OneDrive\Documents\Cibertec\4to ciclo\LENGUAJE DE PROGRAMACION II\T2\LPII_CL2_RIOSBENITESMARIO\pom.xml.
2025-02-08 23:57:38,549 [Worker-48] INFO  o.e.m.j.i.AbstractJavaProjectConfigurator - Adding source folder /LPII_CL2_RIOSBENITESMARIO/src/main/java
2025-02-08 23:57:38,550 [Worker-48] INFO  o.e.m.j.i.AbstractJavaProjectConfigurator - Adding resource folder /LPII_CL2_RIOSBENITESMARIO/src/main/resources
2025-02-08 23:57:38,550 [Worker-48] INFO  o.e.m.j.i.AbstractJavaProjectConfigurator - Adding source folder /LPII_CL2_RIOSBENITESMARIO/src/test/java
2025-02-08 23:57:39,457 [Worker-48] INFO  o.e.m.w.i.f.ResourceFilteringBuildParticipant - Cleaning filtered folder for LPII_CL2_RIOSBENITESMARIO
2025-02-08 23:57:39,461 [Worker-48] INFO  o.e.m.c.i.p.ProjectConfigurationManager - Update completed: 2 sec
2025-02-08 23:57:39,763 [Worker-50] WARN  o.e.m.c.i.embedder.EclipseLogger - Using platform encoding (Cp1252 actually) to copy filtered resources, i.e. build is platform dependent!
2025-02-08 23:57:39,764 [Worker-50] INFO  o.e.m.c.i.embedder.EclipseLogger - Copying 0 resource
2025-02-08 23:57:39,764 [Worker-50] WARN  o.e.m.c.i.embedder.EclipseLogger - Using platform encoding (Cp1252 actually) to copy filtered resources, i.e. build is platform dependent!
2025-02-08 23:57:39,765 [Worker-50] INFO  o.e.m.c.i.embedder.EclipseLogger - skip non existing resourceDirectory C:\Users\merb0\OneDrive\Documents\Cibertec\4to ciclo\LENGUAJE DE PROGRAMACION II\T2\LPII_CL2_RIOSBENITESMARIO\src\test\resources
2025-02-08 23:57:39,765 [Worker-50] INFO  o.e.m.w.i.f.ResourceFilteringBuildParticipant - Changed resources require a complete clean of filtered resources of LPII_CL2_RIOSBENITESMARIO
2025-02-08 23:57:39,765 [Worker-50] INFO  o.e.m.w.i.f.ResourceFilteringBuildParticipant - Executing resource filtering for LPII_CL2_RIOSBENITESMARIO
2025-02-08 23:57:39,768 [Worker-50] WARN  o.e.m.c.i.embedder.EclipseLogger - Using platform encoding (Cp1252 actually) to copy filtered resources, i.e. build is platform dependent!
2025-02-08 23:57:40,026 [Worker-54] WARN  o.e.m.c.i.embedder.EclipseLogger - Using platform encoding (Cp1252 actually) to copy filtered resources, i.e. build is platform dependent!
2025-02-08 23:57:40,027 [Worker-54] INFO  o.e.m.c.i.embedder.EclipseLogger - Copying 0 resource
2025-02-08 23:57:40,028 [Worker-54] WARN  o.e.m.c.i.embedder.EclipseLogger - Using platform encoding (Cp1252 actually) to copy filtered resources, i.e. build is platform dependent!
2025-02-08 23:57:40,029 [Worker-54] INFO  o.e.m.c.i.embedder.EclipseLogger - skip non existing resourceDirectory C:\Users\merb0\OneDrive\Documents\Cibertec\4to ciclo\LENGUAJE DE PROGRAMACION II\T2\LPII_CL2_RIOSBENITESMARIO\src\test\resources
2025-02-08 23:58:20,812 [Worker-53] WARN  o.e.m.c.i.embedder.EclipseLogger - Using platform encoding (Cp1252 actually) to copy filtered resources, i.e. build is platform dependent!
2025-02-08 23:58:20,813 [Worker-53] INFO  o.e.m.c.i.embedder.EclipseLogger - Copying 0 resource
2025-02-08 23:58:20,813 [Worker-53] WARN  o.e.m.c.i.embedder.EclipseLogger - Using platform encoding (Cp1252 actually) to copy filtered resources, i.e. build is platform dependent!
2025-02-08 23:58:20,814 [Worker-53] INFO  o.e.m.c.i.embedder.EclipseLogger - skip non existing resourceDirectory C:\Users\merb0\OneDrive\Documents\Cibertec\4to ciclo\LENGUAJE DE PROGRAMACION II\T2\LPII_CL2_RIOSBENITESMARIO\src\test\resources
2025-02-09 00:01:22,413 [Worker-50] WARN  o.e.m.c.i.embedder.EclipseLogger - Using platform encoding (Cp1252 actually) to copy filtered resources, i.e. build is platform dependent!
2025-02-09 00:01:22,414 [Worker-50] INFO  o.e.m.c.i.embedder.EclipseLogger - Copying 0 resource
2025-02-09 00:01:22,414 [Worker-50] WARN  o.e.m.c.i.embedder.EclipseLogger - Using platform encoding (Cp1252 actually) to copy filtered resources, i.e. build is platform dependent!
2025-02-09 00:01:22,415 [Worker-50] INFO  o.e.m.c.i.embedder.EclipseLogger - skip non existing resourceDirectory C:\Users\merb0\OneDrive\Documents\Cibertec\4to ciclo\LENGUAJE DE PROGRAMACION II\T2\LPII_CL2_RIOSBENITESMARIO\src\test\resources
2025-02-09 00:02:09,976 [Worker-50] WARN  o.e.m.c.i.embedder.EclipseLogger - Using platform encoding (Cp1252 actually) to copy filtered resources, i.e. build is platform dependent!
2025-02-09 00:02:09,977 [Worker-50] INFO  o.e.m.c.i.embedder.EclipseLogger - Copying 1 resource
2025-02-09 00:02:09,982 [Worker-50] WARN  o.e.m.c.i.embedder.EclipseLogger - Using platform encoding (Cp1252 actually) to copy filtered resources, i.e. build is platform dependent!
2025-02-09 00:02:09,983 [Worker-50] INFO  o.e.m.c.i.embedder.EclipseLogger - skip non existing resourceDirectory C:\Users\merb0\OneDrive\Documents\Cibertec\4to ciclo\LENGUAJE DE PROGRAMACION II\T2\LPII_CL2_RIOSBENITESMARIO\src\test\resources
2025-02-09 00:03:57,693 [Worker-51] WARN  o.e.m.c.i.embedder.EclipseLogger - Using platform encoding (Cp1252 actually) to copy filtered resources, i.e. build is platform dependent!
2025-02-09 00:03:57,696 [Worker-51] INFO  o.e.m.c.i.embedder.EclipseLogger - Copying 1 resource
2025-02-09 00:03:57,697 [Worker-51] WARN  o.e.m.c.i.embedder.EclipseLogger - Using platform encoding (Cp1252 actually) to copy filtered resources, i.e. build is platform dependent!
2025-02-09 00:03:57,698 [Worker-51] INFO  o.e.m.c.i.embedder.EclipseLogger - skip non existing resourceDirectory C:\Users\merb0\OneDrive\Documents\Cibertec\4to ciclo\LENGUAJE DE PROGRAMACION II\T2\LPII_CL2_RIOSBENITESMARIO\src\test\resources
2025-02-09 00:04:03,640 [Worker-50] WARN  o.e.m.c.i.embedder.EclipseLogger - Using platform encoding (Cp1252 actually) to copy filtered resources, i.e. build is platform dependent!
2025-02-09 00:04:03,641 [Worker-50] INFO  o.e.m.c.i.embedder.EclipseLogger - Copying 1 resource
2025-02-09 00:04:03,641 [Worker-50] WARN  o.e.m.c.i.embedder.EclipseLogger - Using platform encoding (Cp1252 actually) to copy filtered resources, i.e. build is platform dependent!
2025-02-09 00:04:03,642 [Worker-50] INFO  o.e.m.c.i.embedder.EclipseLogger - skip non existing resourceDirectory C:\Users\merb0\OneDrive\Documents\Cibertec\4to ciclo\LENGUAJE DE PROGRAMACION II\T2\LPII_CL2_RIOSBENITESMARIO\src\test\resources
2025-02-09 00:04:09,079 [Worker-51] WARN  o.e.m.c.i.embedder.EclipseLogger - Using platform encoding (Cp1252 actually) to copy filtered resources, i.e. build is platform dependent!
2025-02-09 00:04:09,080 [Worker-51] INFO  o.e.m.c.i.embedder.EclipseLogger - Copying 1 resource
2025-02-09 00:04:09,081 [Worker-51] WARN  o.e.m.c.i.embedder.EclipseLogger - Using platform encoding (Cp1252 actually) to copy filtered resources, i.e. build is platform dependent!
2025-02-09 00:04:09,081 [Worker-51] INFO  o.e.m.c.i.embedder.EclipseLogger - skip non existing resourceDirectory C:\Users\merb0\OneDrive\Documents\Cibertec\4to ciclo\LENGUAJE DE PROGRAMACION II\T2\LPII_CL2_RIOSBENITESMARIO\src\test\resources
2025-02-09 00:04:14,175 [Worker-56] WARN  o.e.m.c.i.embedder.EclipseLogger - Using platform encoding (Cp1252 actually) to copy filtered resources, i.e. build is platform dependent!
2025-02-09 00:04:14,176 [Worker-56] INFO  o.e.m.c.i.embedder.EclipseLogger - Copying 1 resource
2025-02-09 00:04:14,176 [Worker-56] WARN  o.e.m.c.i.embedder.EclipseLogger - Using platform encoding (Cp1252 actually) to copy filtered resources, i.e. build is platform dependent!
2025-02-09 00:04:14,176 [Worker-56] INFO  o.e.m.c.i.embedder.EclipseLogger - skip non existing resourceDirectory C:\Users\merb0\OneDrive\Documents\Cibertec\4to ciclo\LENGUAJE DE PROGRAMACION II\T2\LPII_CL2_RIOSBENITESMARIO\src\test\resources
2025-02-09 00:04:19,651 [Worker-55] WARN  o.e.m.c.i.embedder.EclipseLogger - Using platform encoding (Cp1252 actually) to copy filtered resources, i.e. build is platform dependent!
2025-02-09 00:04:19,652 [Worker-55] INFO  o.e.m.c.i.embedder.EclipseLogger - Copying 1 resource
2025-02-09 00:04:19,653 [Worker-55] WARN  o.e.m.c.i.embedder.EclipseLogger - Using platform encoding (Cp1252 actually) to copy filtered resources, i.e. build is platform dependent!
2025-02-09 00:04:19,653 [Worker-55] INFO  o.e.m.c.i.embedder.EclipseLogger - skip non existing resourceDirectory C:\Users\merb0\OneDrive\Documents\Cibertec\4to ciclo\LENGUAJE DE PROGRAMACION II\T2\LPII_CL2_RIOSBENITESMARIO\src\test\resources
2025-02-09 00:04:24,698 [Worker-57] WARN  o.e.m.c.i.embedder.EclipseLogger - Using platform encoding (Cp1252 actually) to copy filtered resources, i.e. build is platform dependent!
2025-02-09 00:04:24,699 [Worker-57] INFO  o.e.m.c.i.embedder.EclipseLogger - Copying 1 resource
2025-02-09 00:04:24,700 [Worker-57] WARN  o.e.m.c.i.embedder.EclipseLogger - Using platform encoding (Cp1252 actually) to copy filtered resources, i.e. build is platform dependent!
2025-02-09 00:04:24,700 [Worker-57] INFO  o.e.m.c.i.embedder.EclipseLogger - skip non existing resourceDirectory C:\Users\merb0\OneDrive\Documents\Cibertec\4to ciclo\LENGUAJE DE PROGRAMACION II\T2\LPII_CL2_RIOSBENITESMARIO\src\test\resources
2025-02-09 00:06:22,031 [Worker-59] WARN  o.e.m.c.i.embedder.EclipseLogger - Using platform encoding (Cp1252 actually) to copy filtered resources, i.e. build is platform dependent!
2025-02-09 00:06:22,031 [Worker-59] INFO  o.e.m.c.i.embedder.EclipseLogger - Copying 1 resource
2025-02-09 00:06:22,033 [Worker-59] WARN  o.e.m.c.i.embedder.EclipseLogger - Using platform encoding (Cp1252 actually) to copy filtered resources, i.e. build is platform dependent!
2025-02-09 00:06:22,034 [Worker-59] INFO  o.e.m.c.i.embedder.EclipseLogger - skip non existing resourceDirectory C:\Users\merb0\OneDrive\Documents\Cibertec\4to ciclo\LENGUAJE DE PROGRAMACION II\T2\LPII_CL2_RIOSBENITESMARIO\src\test\resources
2025-02-09 00:07:55,767 [Worker-58] WARN  o.e.m.c.i.embedder.EclipseLogger - Using platform encoding (Cp1252 actually) to copy filtered resources, i.e. build is platform dependent!
2025-02-09 00:07:55,768 [Worker-58] INFO  o.e.m.c.i.embedder.EclipseLogger - Copying 0 resource
2025-02-09 00:07:55,769 [Worker-58] WARN  o.e.m.c.i.embedder.EclipseLogger - Using platform encoding (Cp1252 actually) to copy filtered resources, i.e. build is platform dependent!
2025-02-09 00:07:55,769 [Worker-58] INFO  o.e.m.c.i.embedder.EclipseLogger - skip non existing resourceDirectory C:\Users\merb0\OneDrive\Documents\Cibertec\4to ciclo\LENGUAJE DE PROGRAMACION II\T2\LPII_CL2_RIOSBENITESMARIO\src\test\resources
2025-02-09 00:08:07,405 [Worker-51] WARN  o.e.m.c.i.embedder.EclipseLogger - Using platform encoding (Cp1252 actually) to copy filtered resources, i.e. build is platform dependent!
2025-02-09 00:08:07,405 [Worker-51] INFO  o.e.m.c.i.embedder.EclipseLogger - Copying 0 resource
2025-02-09 00:08:07,406 [Worker-51] WARN  o.e.m.c.i.embedder.EclipseLogger - Using platform encoding (Cp1252 actually) to copy filtered resources, i.e. build is platform dependent!
